<?xml version="1.0" encoding="UTF-8"?>
<testsuite xmlns:xsi="http://www.w3.org/2001/XMLSchema-instance" xsi:noNamespaceSchemaLocation="https://maven.apache.org/surefire/maven-surefire-plugin/xsd/surefire-test-report-3.0.xsd" version="3.0" name="np.com.sagarbhusal01.BackEnd.BackEndApplicationTests" time="2.002" tests="1" errors="0" skipped="0" failures="0">
  <properties>
[...]
</properties>
  <testcase name="contextLoads" classname="np.com.sagarbhusal01.BackEnd.BackEndApplicationTests" time="0.626">
    <system-out><![CDATA[13:35:22.951 [main] INFO org.springframework.test.context.support.AnnotationConfigContextLoaderUtils -- Could not detect default configuration classes for test class [np.com.sagarbhusal01.BackEnd.BackEndApplicationTests]: BackEndApplicationTests does not declare any static, non-private, non-final, nested classes annotated with @Configuration.
13:35:23.021 [main] INFO org.springframework.boot.test.context.SpringBootTestContextBootstrapper -- Found @SpringBootConfiguration np.com.sagarbhusal01.BackEnd.BackEndApplication for test class np.com.sagarbhusal01.BackEnd.BackEndApplicationTests

  .   ____          _            __ _ _
 /\\ / ___'_ __ _ _(_)_ __  __ _ \ \ \ \
( ( )\___ | '_ | '_| | '_ \/ _` | \ \ \ \
 \\/  ___)| |_)| | | | | || (_| |  ) ) ) )
  '  |____| .__|_| |_|_| |_\__, | / / / /
 =========|_|==============|___/=/_/_/_/
 :: Spring Boot ::                (v3.2.0)

2023-12-02T13:35:23.304+05:45  INFO 20130 --- [           main] n.c.s.BackEnd.BackEndApplicationTests    : Starting BackEndApplicationTests using Java 21.0.1 with PID 20130 (started by spongebob in /home/spongebob/Desktop/Work Place/Spring-React-API-App/BackEnd)
2023-12-02T13:35:23.306+05:45  INFO 20130 --- [           main] n.c.s.BackEnd.BackEndApplicationTests    : No active profile set, falling back to 1 default profile: "default"
2023-12-02T13:35:24.164+05:45  INFO 20130 --- [           main] n.c.s.BackEnd.BackEndApplicationTests    : Started BackEndApplicationTests in 1.056 seconds (process running for 1.77)
]]></system-out>
    <system-err><![CDATA[WARNING: A Java agent has been loaded dynamically (/home/spongebob/.m2/repository/net/bytebuddy/byte-buddy-agent/1.14.10/byte-buddy-agent-1.14.10.jar)
WARNING: If a serviceability tool is in use, please run with -XX:+EnableDynamicAgentLoading to hide this warning
WARNING: If a serviceability tool is not in use, please run with -Djdk.instrument.traceUsage for more information
WARNING: Dynamic loading of agents will be disallowed by default in a future release
]]></system-err>
  </testcase>
</testsuite>